#
# A fatal error has been detected by the Java Runtime Environment:
#
#  EXCEPTION_ACCESS_VIOLATION (0xc0000005) at pc=0x00007ff941da1b3c, pid=13532, tid=14012
#
# JRE version: OpenJDK Runtime Environment Temurin-17+35 (17.0+35) (build 17+35)
# Java VM: OpenJDK 64-Bit Server VM Temurin-17+35 (17+35, mixed mode, tiered, compressed oops, compressed class ptrs, g1 gc, windows-amd64)
# Problematic frame:
# C  [OpenCL.dll+0x1b3c]
#
# No core dump will be written. Minidumps are not enabled by default on client versions of Windows
#
# If you would like to submit a bug report, please visit:
#   https://github.com/adoptium/adoptium-support/issues
# The crash happened outside the Java Virtual Machine in native code.
# See problematic frame for where to report the bug.
#

---------------  S U M M A R Y ------------

Command Line: -Dfile.encoding=UTF-8 -XX:+ShowCodeDetailsInExceptionMessages tbh.gfxInterface.GfxTest

Host: Intel(R) Core(TM) i7-9700K CPU @ 3.60GHz, 8 cores, 15G,  Windows 10 , 64 bit Build 19041 (10.0.19041.2251)
Time: Fri Nov 11 07:48:34 2022 Eastern Standard Time elapsed time: 10.576826 seconds (0d 0h 0m 10s)

---------------  T H R E A D  ---------------

Current thread (0x000001ebb5cea1b0):  JavaThread "main" [_thread_in_native, id=14012, stack(0x0000006099d00000,0x0000006099e00000)]

Stack: [0x0000006099d00000,0x0000006099e00000],  sp=0x0000006099dff5d8,  free space=1021k
Native frames: (J=compiled Java code, j=interpreted, Vv=VM code, C=native code)
C  [OpenCL.dll+0x1b3c]

Java frames: (J=compiled Java code, j=interpreted, Vv=VM code)
j  org.jocl.CL.clReleaseMemObjectNative(Lorg/jocl/cl_mem;)I+0
j  org.jocl.CL.clReleaseMemObject(Lorg/jocl/cl_mem;)I+1
j  tbh.gfxInterface.MemoryManager.releaseMem()V+45
j  tbh.gfxInterface.GraphicsCardInterface.Release()V+82
j  tbh.gfxInterface.GfxTest.main([Ljava/lang/String;)V+92
v  ~StubRoutines::call_stub

siginfo: EXCEPTION_ACCESS_VIOLATION (0xc0000005), reading address 0x0000000000000090


Register to memory mapping:

RIP=0x00007ff941da1b3c OpenCL.dll
RAX=0x0 is NULL
RBX={method} {0x000001ebd500aca0} 'clReleaseMemObjectNative' '(Lorg/jocl/cl_mem;)I' in 'org/jocl/CL'
RCX=0x000001ebe6ea52c0 points into unknown readable memory: 0x0000000000000000 | 00 00 00 00 00 00 00 00
RDX=0x0000006099dff678 is pointing into the stack for thread: 0x000001ebb5cea1b0
RSP=0x0000006099dff5d8 is pointing into the stack for thread: 0x000001ebb5cea1b0
RBP=0x0000006099dff658 is pointing into the stack for thread: 0x000001ebb5cea1b0
RSI=0x00000007106bf4c0 is an oop: [Ljava.util.HashMap$Node; 
{0x00000007106bf4c0} - klass: 'java/util/HashMap$Node'[]
 - length: 16
RDI=0x0000000000000010 is an unknown value
R8 =0x0000000000000042 is an unknown value
R9 =0x00000007106cdd38 is an oop: org.jocl.cl_mem 
{0x00000007106cdd38} - klass: 'org/jocl/cl_mem'
 - ---- fields (total size 5 words):
 - private 'buffer' 'Ljava/nio/Buffer;' @12  NULL (0)
 - private 'nativePointer' 'J' @16  2112703058624 (e6ea52c0 1eb)
 - private 'byteOffset' 'J' @24  0 (0 0)
 - private 'pointers' '[Lorg/jocl/NativePointerObject;' @32  NULL (0)
R10=0x00007ff9062a30a0 jvm.dll
R11=0x0000000000000010 is an unknown value
R12=0x0 is NULL
R13={method} {0x000001ebd500aca0} 'clReleaseMemObjectNative' '(Lorg/jocl/cl_mem;)I' in 'org/jocl/CL'
R14=0x0000006099dff678 is pointing into the stack for thread: 0x000001ebb5cea1b0
R15=0x000001ebb5cea1b0 is a thread


Registers:
RAX=0x0000000000000000, RBX=0x000001ebd500ac98, RCX=0x000001ebe6ea52c0, RDX=0x0000006099dff678
RSP=0x0000006099dff5d8, RBP=0x0000006099dff658, RSI=0x00000007106bf4c0, RDI=0x0000000000000010
R8 =0x0000000000000042, R9 =0x00000007106cdd38, R10=0x00007ff9062a30a0, R11=0x0000000000000010
R12=0x0000000000000000, R13=0x000001ebd500ac98, R14=0x0000006099dff678, R15=0x000001ebb5cea1b0
RIP=0x00007ff941da1b3c, EFLAGS=0x0000000000010206

Top of Stack: (sp=0x0000006099dff5d8)
0x0000006099dff5d8:   000001ebb93ad621 000001ebd500ac98
0x0000006099dff5e8:   00000007106bf4c0 000001ebd500ac10
0x0000006099dff5f8:   000001ebb5cea1b0 000001ebb5cea1b0
0x0000006099dff608:   000001ebb93ad2f6 0000006099dff610
0x0000006099dff618:   0000000000000000 0000006099dff678
0x0000006099dff628:   000001ebd5020398 0000000000000000
0x0000006099dff638:   0000000710fb8c60 000001ebd500ac98
0x0000006099dff648:   0000000000000000 0000006099dff678
0x0000006099dff658:   0000006099dff6c8 000001ebb93a9612
0x0000006099dff668:   0000000710fb8c60 000001ebb93aaf76
0x0000006099dff678:   00000007106cdd38 0000006099dff680
0x0000006099dff688:   000001ebd500abf1 0000006099dff6d8
0x0000006099dff698:   000001ebd5020398 0000000000000000
0x0000006099dff6a8:   0000000710fb8c60 000001ebd500ac10
0x0000006099dff6b8:   0000006099dff678 0000006099dff6d8
0x0000006099dff6c8:   0000006099dff728 000001ebb93a9612 

Instructions: (pc=0x00007ff941da1b3c)
0x00007ff941da1a3c:   48 ff 60 58 48 85 c9 75 04 8d 41 dc c3 4c 8b 11
0x00007ff941da1a4c:   49 ff 62 60 48 8b 44 24 28 48 85 c9 75 0e 48 85
0x00007ff941da1a5c:   c0 74 06 c7 00 de ff ff ff 33 c0 c3 4c 8b 11 48
0x00007ff941da1a6c:   89 44 24 28 49 ff 62 70 cc cc cc cc cc cc cc cc
0x00007ff941da1a7c:   cc cc cc cc 48 8b 44 24 30 48 85 c9 75 0e 48 85
0x00007ff941da1a8c:   c0 74 06 c7 00 de ff ff ff 33 c0 c3 4c 8b 11 48
0x00007ff941da1a9c:   89 44 24 30 49 ff a2 00 03 00 00 cc cc cc cc cc
0x00007ff941da1aac:   cc cc cc cc 48 8b 44 24 30 48 85 c9 75 0e 48 85
0x00007ff941da1abc:   c0 74 06 c7 00 de ff ff ff 33 c0 c3 4c 8b 11 48
0x00007ff941da1acc:   89 44 24 30 49 ff a2 90 04 00 00 cc cc cc cc cc
0x00007ff941da1adc:   cc cc cc cc 48 8b 44 24 38 48 85 c9 75 0e 48 85
0x00007ff941da1aec:   c0 74 06 c7 00 de ff ff ff 33 c0 c3 4c 8b 11 48
0x00007ff941da1afc:   89 44 24 38 49 ff a2 98 04 00 00 cc cc cc cc cc
0x00007ff941da1b0c:   cc cc cc cc 48 85 c9 75 04 8d 41 da c3 48 8b 01
0x00007ff941da1b1c:   48 ff a0 88 00 00 00 cc cc cc cc cc cc cc cc cc
0x00007ff941da1b2c:   cc cc cc cc 48 85 c9 75 04 8d 41 da c3 48 8b 01
0x00007ff941da1b3c:   48 ff a0 90 00 00 00 cc cc cc cc cc cc cc cc cc
0x00007ff941da1b4c:   cc cc cc cc 48 85 c9 75 04 8d 41 de c3 4c 8b 11
0x00007ff941da1b5c:   49 ff a2 98 00 00 00 cc cc cc cc cc cc cc cc cc
0x00007ff941da1b6c:   cc cc cc cc 48 85 c9 75 04 8d 41 da c3 4c 8b 11
0x00007ff941da1b7c:   49 ff a2 a0 00 00 00 cc cc cc cc cc cc cc cc cc
0x00007ff941da1b8c:   cc cc cc cc 48 85 c9 75 04 8d 41 da c3 4c 8b 11
0x00007ff941da1b9c:   49 ff a2 a8 00 00 00 cc cc cc cc cc cc cc cc cc
0x00007ff941da1bac:   cc cc cc cc 48 8b 44 24 28 48 85 c9 75 0e 48 85
0x00007ff941da1bbc:   c0 74 06 c7 00 de ff ff ff 33 c0 c3 4c 8b 11 48
0x00007ff941da1bcc:   89 44 24 28 49 ff a2 b0 00 00 00 cc cc cc cc cc
0x00007ff941da1bdc:   cc cc cc cc 48 85 c9 75 04 8d 41 d7 c3 48 8b 01
0x00007ff941da1bec:   48 ff a0 b8 00 00 00 cc cc cc cc cc cc cc cc cc
0x00007ff941da1bfc:   cc cc cc cc 48 85 c9 75 04 8d 41 d7 c3 48 8b 01
0x00007ff941da1c0c:   48 ff a0 c0 00 00 00 cc cc cc cc cc cc cc cc cc
0x00007ff941da1c1c:   cc cc cc cc 48 85 c9 75 04 8d 41 d7 c3 4c 8b 11
0x00007ff941da1c2c:   49 ff a2 c8 00 00 00 cc cc cc cc cc cc cc cc cc 


Stack slot to memory mapping:
stack at sp + 0 slots: 0x000001ebb93ad621 is at code_begin+993 in an Interpreter codelet
method entry point (kind = native)  [0x000001ebb93ad240, 0x000001ebb93adbc0]  2432 bytes
stack at sp + 1 slots: {method} {0x000001ebd500aca0} 'clReleaseMemObjectNative' '(Lorg/jocl/cl_mem;)I' in 'org/jocl/CL'
stack at sp + 2 slots: 0x00000007106bf4c0 is an oop: [Ljava.util.HashMap$Node; 
{0x00000007106bf4c0} - klass: 'java/util/HashMap$Node'[]
 - length: 16
stack at sp + 3 slots: {method} {0x000001ebd500ac18} 'clReleaseMemObject' '(Lorg/jocl/cl_mem;)I' in 'org/jocl/CL'
stack at sp + 4 slots: 0x000001ebb5cea1b0 is a thread
stack at sp + 5 slots: 0x000001ebb5cea1b0 is a thread
stack at sp + 6 slots: 0x000001ebb93ad2f6 is at code_begin+182 in an Interpreter codelet
method entry point (kind = native)  [0x000001ebb93ad240, 0x000001ebb93adbc0]  2432 bytes
stack at sp + 7 slots: 0x0000006099dff610 is pointing into the stack for thread: 0x000001ebb5cea1b0


---------------  P R O C E S S  ---------------

Threads class SMR info:
_java_thread_list=0x000001ebd4921080, length=18, elements={
0x000001ebb5cea1b0, 0x000001ebd5423420, 0x000001ebd5424a30, 0x000001ebd496e220,
0x000001ebd5455020, 0x000001ebd5456390, 0x000001ebd5457c40, 0x000001ebd545d5e0,
0x000001ebd545fd20, 0x000001ebd5463550, 0x000001ebd55d12a0, 0x000001ebd55ebfc0,
0x000001ebd6140f50, 0x000001ebe6307060, 0x000001ebe6307530, 0x000001ebe6cd0bf0,
0x000001ebe6d99cb0, 0x000001ebed79a4a0
}

Java Threads: ( => current thread )
=>0x000001ebb5cea1b0 JavaThread "main" [_thread_in_native, id=14012, stack(0x0000006099d00000,0x0000006099e00000)]
  0x000001ebd5423420 JavaThread "Reference Handler" daemon [_thread_blocked, id=10952, stack(0x000000609a400000,0x000000609a500000)]
  0x000001ebd5424a30 JavaThread "Finalizer" daemon [_thread_blocked, id=10648, stack(0x000000609a500000,0x000000609a600000)]
  0x000001ebd496e220 JavaThread "Signal Dispatcher" daemon [_thread_blocked, id=16072, stack(0x000000609a600000,0x000000609a700000)]
  0x000001ebd5455020 JavaThread "Attach Listener" daemon [_thread_blocked, id=1360, stack(0x000000609a700000,0x000000609a800000)]
  0x000001ebd5456390 JavaThread "Service Thread" daemon [_thread_blocked, id=9824, stack(0x000000609a800000,0x000000609a900000)]
  0x000001ebd5457c40 JavaThread "Monitor Deflation Thread" daemon [_thread_blocked, id=1172, stack(0x000000609a900000,0x000000609aa00000)]
  0x000001ebd545d5e0 JavaThread "C2 CompilerThread0" daemon [_thread_blocked, id=12364, stack(0x000000609aa00000,0x000000609ab00000)]
  0x000001ebd545fd20 JavaThread "C1 CompilerThread0" daemon [_thread_blocked, id=1540, stack(0x000000609ab00000,0x000000609ac00000)]
  0x000001ebd5463550 JavaThread "Sweeper thread" daemon [_thread_blocked, id=7388, stack(0x000000609ac00000,0x000000609ad00000)]
  0x000001ebd55d12a0 JavaThread "Notification Thread" daemon [_thread_blocked, id=16016, stack(0x000000609ad00000,0x000000609ae00000)]
  0x000001ebd55ebfc0 JavaThread "Common-Cleaner" daemon [_thread_blocked, id=10712, stack(0x000000609af00000,0x000000609b000000)]
  0x000001ebd6140f50 JavaThread "Java2D Disposer" daemon [_thread_blocked, id=6096, stack(0x000000609b800000,0x000000609b900000)]
  0x000001ebe6307060 JavaThread "AWT-Shutdown" [_thread_blocked, id=16444, stack(0x000000609b900000,0x000000609ba00000)]
  0x000001ebe6307530 JavaThread "AWT-Windows" daemon [_thread_in_native, id=3636, stack(0x000000609ba00000,0x000000609bb00000)]
  0x000001ebe6cd0bf0 JavaThread "AWT-EventQueue-0" [_thread_blocked, id=8856, stack(0x000000609bd00000,0x000000609be00000)]
  0x000001ebe6d99cb0 JavaThread "D3D Screen Updater" daemon [_thread_blocked, id=8464, stack(0x000000609be00000,0x000000609bf00000)]
  0x000001ebed79a4a0 JavaThread "TimerQueue" daemon [_thread_blocked, id=12476, stack(0x000000609bf60000,0x000000609c060000)]

Other Threads:
  0x000001ebd4968ae0 VMThread "VM Thread" [stack: 0x000000609a300000,0x000000609a400000] [id=8548]
  0x000001ebb5d55c70 WatcherThread [stack: 0x000000609ae00000,0x000000609af00000] [id=15592]
  0x000001ebb5d3af40 GCTaskThread "GC Thread#0" [stack: 0x0000006099e00000,0x0000006099f00000] [id=15600]
  0x000001ebb5d4bd80 ConcurrentGCThread "G1 Main Marker" [stack: 0x0000006099f00000,0x000000609a000000] [id=3728]
  0x000001ebb5d4df40 ConcurrentGCThread "G1 Conc#0" [stack: 0x000000609a000000,0x000000609a100000] [id=11920]
  0x000001ebd47d24c0 ConcurrentGCThread "G1 Refine#0" [stack: 0x000000609a100000,0x000000609a200000] [id=9092]
  0x000001ebd47d2ee0 ConcurrentGCThread "G1 Service" [stack: 0x000000609a200000,0x000000609a300000] [id=16980]

Threads with active compile tasks:

VM state: not at safepoint (normal execution)

VM Mutex/Monitor currently owned by a thread: None

Heap address: 0x0000000701000000, size: 4080 MB, Compressed Oops mode: Zero based, Oop shift amount: 3

CDS archive(s) not mapped
Compressed class space mapped at: 0x0000000800000000-0x0000000840000000, reserved size: 1073741824
Narrow klass base: 0x0000000800000000, Narrow klass shift: 0, Narrow klass range: 0x40000000

GC Precious Log:
 CPUs: 8 total, 8 available
 Memory: 16315M
 Large Page Support: Disabled
 NUMA Support: Disabled
 Compressed Oops: Enabled (Zero based)
 Heap Region Size: 2M
 Heap Min Capacity: 8M
 Heap Initial Capacity: 256M
 Heap Max Capacity: 4080M
 Pre-touch: Disabled
 Parallel Workers: 8
 Concurrent Workers: 2
 Concurrent Refinement Workers: 8
 Periodic GC: Disabled

Heap:
 garbage-first heap   total 262144K, used 12288K [0x0000000701000000, 0x0000000800000000)
  region size 2048K, 7 young (14336K), 0 survivors (0K)
 Metaspace       used 17042K, committed 17280K, reserved 1064960K
  class space    used 1710K, committed 1856K, reserved 1048576K

Heap Regions: E=young(eden), S=young(survivor), O=old, HS=humongous(starts), HC=humongous(continues), CS=collection set, F=free, OA=open archive, CA=closed archive, TAMS=top-at-mark-start (previous, next)
|   0|0x0000000701000000, 0x0000000701000000, 0x0000000701200000|  0%| F|  |TAMS 0x0000000701000000, 0x0000000701000000| Untracked 
|   1|0x0000000701200000, 0x0000000701200000, 0x0000000701400000|  0%| F|  |TAMS 0x0000000701200000, 0x0000000701200000| Untracked 
|   2|0x0000000701400000, 0x0000000701400000, 0x0000000701600000|  0%| F|  |TAMS 0x0000000701400000, 0x0000000701400000| Untracked 
|   3|0x0000000701600000, 0x0000000701600000, 0x0000000701800000|  0%| F|  |TAMS 0x0000000701600000, 0x0000000701600000| Untracked 
|   4|0x0000000701800000, 0x0000000701800000, 0x0000000701a00000|  0%| F|  |TAMS 0x0000000701800000, 0x0000000701800000| Untracked 
|   5|0x0000000701a00000, 0x0000000701a00000, 0x0000000701c00000|  0%| F|  |TAMS 0x0000000701a00000, 0x0000000701a00000| Untracked 
|   6|0x0000000701c00000, 0x0000000701c00000, 0x0000000701e00000|  0%| F|  |TAMS 0x0000000701c00000, 0x0000000701c00000| Untracked 
|   7|0x0000000701e00000, 0x0000000701e00000, 0x0000000702000000|  0%| F|  |TAMS 0x0000000701e00000, 0x0000000701e00000| Untracked 
|   8|0x0000000702000000, 0x0000000702000000, 0x0000000702200000|  0%| F|  |TAMS 0x0000000702000000, 0x0000000702000000| Untracked 
|   9|0x0000000702200000, 0x0000000702200000, 0x0000000702400000|  0%| F|  |TAMS 0x0000000702200000, 0x0000000702200000| Untracked 
|  10|0x0000000702400000, 0x0000000702400000, 0x0000000702600000|  0%| F|  |TAMS 0x0000000702400000, 0x0000000702400000| Untracked 
|  11|0x0000000702600000, 0x0000000702600000, 0x0000000702800000|  0%| F|  |TAMS 0x0000000702600000, 0x0000000702600000| Untracked 
|  12|0x0000000702800000, 0x0000000702800000, 0x0000000702a00000|  0%| F|  |TAMS 0x0000000702800000, 0x0000000702800000| Untracked 
|  13|0x0000000702a00000, 0x0000000702a00000, 0x0000000702c00000|  0%| F|  |TAMS 0x0000000702a00000, 0x0000000702a00000| Untracked 
|  14|0x0000000702c00000, 0x0000000702c00000, 0x0000000702e00000|  0%| F|  |TAMS 0x0000000702c00000, 0x0000000702c00000| Untracked 
|  15|0x0000000702e00000, 0x0000000702e00000, 0x0000000703000000|  0%| F|  |TAMS 0x0000000702e00000, 0x0000000702e00000| Untracked 
|  16|0x0000000703000000, 0x0000000703000000, 0x0000000703200000|  0%| F|  |TAMS 0x0000000703000000, 0x0000000703000000| Untracked 
|  17|0x0000000703200000, 0x0000000703200000, 0x0000000703400000|  0%| F|  |TAMS 0x0000000703200000, 0x0000000703200000| Untracked 
|  18|0x0000000703400000, 0x0000000703400000, 0x0000000703600000|  0%| F|  |TAMS 0x0000000703400000, 0x0000000703400000| Untracked 
|  19|0x0000000703600000, 0x0000000703600000, 0x0000000703800000|  0%| F|  |TAMS 0x0000000703600000, 0x0000000703600000| Untracked 
|  20|0x0000000703800000, 0x0000000703800000, 0x0000000703a00000|  0%| F|  |TAMS 0x0000000703800000, 0x0000000703800000| Untracked 
|  21|0x0000000703a00000, 0x0000000703a00000, 0x0000000703c00000|  0%| F|  |TAMS 0x0000000703a00000, 0x0000000703a00000| Untracked 
|  22|0x0000000703c00000, 0x0000000703c00000, 0x0000000703e00000|  0%| F|  |TAMS 0x0000000703c00000, 0x0000000703c00000| Untracked 
|  23|0x0000000703e00000, 0x0000000703e00000, 0x0000000704000000|  0%| F|  |TAMS 0x0000000703e00000, 0x0000000703e00000| Untracked 
|  24|0x0000000704000000, 0x0000000704000000, 0x0000000704200000|  0%| F|  |TAMS 0x0000000704000000, 0x0000000704000000| Untracked 
|  25|0x0000000704200000, 0x0000000704200000, 0x0000000704400000|  0%| F|  |TAMS 0x0000000704200000, 0x0000000704200000| Untracked 
|  26|0x0000000704400000, 0x0000000704400000, 0x0000000704600000|  0%| F|  |TAMS 0x0000000704400000, 0x0000000704400000| Untracked 
|  27|0x0000000704600000, 0x0000000704600000, 0x0000000704800000|  0%| F|  |TAMS 0x0000000704600000, 0x0000000704600000| Untracked 
|  28|0x0000000704800000, 0x0000000704800000, 0x0000000704a00000|  0%| F|  |TAMS 0x0000000704800000, 0x0000000704800000| Untracked 
|  29|0x0000000704a00000, 0x0000000704a00000, 0x0000000704c00000|  0%| F|  |TAMS 0x0000000704a00000, 0x0000000704a00000| Untracked 
|  30|0x0000000704c00000, 0x0000000704c00000, 0x0000000704e00000|  0%| F|  |TAMS 0x0000000704c00000, 0x0000000704c00000| Untracked 
|  31|0x0000000704e00000, 0x0000000704e00000, 0x0000000705000000|  0%| F|  |TAMS 0x0000000704e00000, 0x0000000704e00000| Untracked 
|  32|0x0000000705000000, 0x0000000705000000, 0x0000000705200000|  0%| F|  |TAMS 0x0000000705000000, 0x0000000705000000| Untracked 
|  33|0x0000000705200000, 0x0000000705200000, 0x0000000705400000|  0%| F|  |TAMS 0x0000000705200000, 0x0000000705200000| Untracked 
|  34|0x0000000705400000, 0x0000000705400000, 0x0000000705600000|  0%| F|  |TAMS 0x0000000705400000, 0x0000000705400000| Untracked 
|  35|0x0000000705600000, 0x0000000705600000, 0x0000000705800000|  0%| F|  |TAMS 0x0000000705600000, 0x0000000705600000| Untracked 
|  36|0x0000000705800000, 0x0000000705800000, 0x0000000705a00000|  0%| F|  |TAMS 0x0000000705800000, 0x0000000705800000| Untracked 
|  37|0x0000000705a00000, 0x0000000705a00000, 0x0000000705c00000|  0%| F|  |TAMS 0x0000000705a00000, 0x0000000705a00000| Untracked 
|  38|0x0000000705c00000, 0x0000000705c00000, 0x0000000705e00000|  0%| F|  |TAMS 0x0000000705c00000, 0x0000000705c00000| Untracked 
|  39|0x0000000705e00000, 0x0000000705e00000, 0x0000000706000000|  0%| F|  |TAMS 0x0000000705e00000, 0x0000000705e00000| Untracked 
|  40|0x0000000706000000, 0x0000000706000000, 0x0000000706200000|  0%| F|  |TAMS 0x0000000706000000, 0x0000000706000000| Untracked 
|  41|0x0000000706200000, 0x0000000706200000, 0x0000000706400000|  0%| F|  |TAMS 0x0000000706200000, 0x0000000706200000| Untracked 
|  42|0x0000000706400000, 0x0000000706400000, 0x0000000706600000|  0%| F|  |TAMS 0x0000000706400000, 0x0000000706400000| Untracked 
|  43|0x0000000706600000, 0x0000000706600000, 0x0000000706800000|  0%| F|  |TAMS 0x0000000706600000, 0x0000000706600000| Untracked 
|  44|0x0000000706800000, 0x0000000706800000, 0x0000000706a00000|  0%| F|  |TAMS 0x0000000706800000, 0x0000000706800000| Untracked 
|  45|0x0000000706a00000, 0x0000000706a00000, 0x0000000706c00000|  0%| F|  |TAMS 0x0000000706a00000, 0x0000000706a00000| Untracked 
|  46|0x0000000706c00000, 0x0000000706c00000, 0x0000000706e00000|  0%| F|  |TAMS 0x0000000706c00000, 0x0000000706c00000| Untracked 
|  47|0x0000000706e00000, 0x0000000706e00000, 0x0000000707000000|  0%| F|  |TAMS 0x0000000706e00000, 0x0000000706e00000| Untracked 
|  48|0x0000000707000000, 0x0000000707000000, 0x0000000707200000|  0%| F|  |TAMS 0x0000000707000000, 0x0000000707000000| Untracked 
|  49|0x0000000707200000, 0x0000000707200000, 0x0000000707400000|  0%| F|  |TAMS 0x0000000707200000, 0x0000000707200000| Untracked 
|  50|0x0000000707400000, 0x0000000707400000, 0x0000000707600000|  0%| F|  |TAMS 0x0000000707400000, 0x0000000707400000| Untracked 
|  51|0x0000000707600000, 0x0000000707600000, 0x0000000707800000|  0%| F|  |TAMS 0x0000000707600000, 0x0000000707600000| Untracked 
|  52|0x0000000707800000, 0x0000000707800000, 0x0000000707a00000|  0%| F|  |TAMS 0x0000000707800000, 0x0000000707800000| Untracked 
|  53|0x0000000707a00000, 0x0000000707a00000, 0x0000000707c00000|  0%| F|  |TAMS 0x0000000707a00000, 0x0000000707a00000| Untracked 
|  54|0x0000000707c00000, 0x0000000707c00000, 0x0000000707e00000|  0%| F|  |TAMS 0x0000000707c00000, 0x0000000707c00000| Untracked 
|  55|0x0000000707e00000, 0x0000000707e00000, 0x0000000708000000|  0%| F|  |TAMS 0x0000000707e00000, 0x0000000707e00000| Untracked 
|  56|0x0000000708000000, 0x0000000708000000, 0x0000000708200000|  0%| F|  |TAMS 0x0000000708000000, 0x0000000708000000| Untracked 
|  57|0x0000000708200000, 0x0000000708200000, 0x0000000708400000|  0%| F|  |TAMS 0x0000000708200000, 0x0000000708200000| Untracked 
|  58|0x0000000708400000, 0x0000000708400000, 0x0000000708600000|  0%| F|  |TAMS 0x0000000708400000, 0x0000000708400000| Untracked 
|  59|0x0000000708600000, 0x0000000708600000, 0x0000000708800000|  0%| F|  |TAMS 0x0000000708600000, 0x0000000708600000| Untracked 
|  60|0x0000000708800000, 0x0000000708800000, 0x0000000708a00000|  0%| F|  |TAMS 0x0000000708800000, 0x0000000708800000| Untracked 
|  61|0x0000000708a00000, 0x0000000708a00000, 0x0000000708c00000|  0%| F|  |TAMS 0x0000000708a00000, 0x0000000708a00000| Untracked 
|  62|0x0000000708c00000, 0x0000000708c00000, 0x0000000708e00000|  0%| F|  |TAMS 0x0000000708c00000, 0x0000000708c00000| Untracked 
|  63|0x0000000708e00000, 0x0000000708e00000, 0x0000000709000000|  0%| F|  |TAMS 0x0000000708e00000, 0x0000000708e00000| Untracked 
|  64|0x0000000709000000, 0x0000000709000000, 0x0000000709200000|  0%| F|  |TAMS 0x0000000709000000, 0x0000000709000000| Untracked 
|  65|0x0000000709200000, 0x0000000709200000, 0x0000000709400000|  0%| F|  |TAMS 0x0000000709200000, 0x0000000709200000| Untracked 
|  66|0x0000000709400000, 0x0000000709400000, 0x0000000709600000|  0%| F|  |TAMS 0x0000000709400000, 0x0000000709400000| Untracked 
|  67|0x0000000709600000, 0x0000000709600000, 0x0000000709800000|  0%| F|  |TAMS 0x0000000709600000, 0x0000000709600000| Untracked 
|  68|0x0000000709800000, 0x0000000709800000, 0x0000000709a00000|  0%| F|  |TAMS 0x0000000709800000, 0x0000000709800000| Untracked 
|  69|0x0000000709a00000, 0x0000000709a00000, 0x0000000709c00000|  0%| F|  |TAMS 0x0000000709a00000, 0x0000000709a00000| Untracked 
|  70|0x0000000709c00000, 0x0000000709c00000, 0x0000000709e00000|  0%| F|  |TAMS 0x0000000709c00000, 0x0000000709c00000| Untracked 
|  71|0x0000000709e00000, 0x0000000709e00000, 0x000000070a000000|  0%| F|  |TAMS 0x0000000709e00000, 0x0000000709e00000| Untracked 
|  72|0x000000070a000000, 0x000000070a000000, 0x000000070a200000|  0%| F|  |TAMS 0x000000070a000000, 0x000000070a000000| Untracked 
|  73|0x000000070a200000, 0x000000070a200000, 0x000000070a400000|  0%| F|  |TAMS 0x000000070a200000, 0x000000070a200000| Untracked 
|  74|0x000000070a400000, 0x000000070a400000, 0x000000070a600000|  0%| F|  |TAMS 0x000000070a400000, 0x000000070a400000| Untracked 
|  75|0x000000070a600000, 0x000000070a600000, 0x000000070a800000|  0%| F|  |TAMS 0x000000070a600000, 0x000000070a600000| Untracked 
|  76|0x000000070a800000, 0x000000070a800000, 0x000000070aa00000|  0%| F|  |TAMS 0x000000070a800000, 0x000000070a800000| Untracked 
|  77|0x000000070aa00000, 0x000000070aa00000, 0x000000070ac00000|  0%| F|  |TAMS 0x000000070aa00000, 0x000000070aa00000| Untracked 
|  78|0x000000070ac00000, 0x000000070ac00000, 0x000000070ae00000|  0%| F|  |TAMS 0x000000070ac00000, 0x000000070ac00000| Untracked 
|  79|0x000000070ae00000, 0x000000070ae00000, 0x000000070b000000|  0%| F|  |TAMS 0x000000070ae00000, 0x000000070ae00000| Untracked 
|  80|0x000000070b000000, 0x000000070b000000, 0x000000070b200000|  0%| F|  |TAMS 0x000000070b000000, 0x000000070b000000| Untracked 
|  81|0x000000070b200000, 0x000000070b200000, 0x000000070b400000|  0%| F|  |TAMS 0x000000070b200000, 0x000000070b200000| Untracked 
|  82|0x000000070b400000, 0x000000070b400000, 0x000000070b600000|  0%| F|  |TAMS 0x000000070b400000, 0x000000070b400000| Untracked 
|  83|0x000000070b600000, 0x000000070b600000, 0x000000070b800000|  0%| F|  |TAMS 0x000000070b600000, 0x000000070b600000| Untracked 
|  84|0x000000070b800000, 0x000000070b800000, 0x000000070ba00000|  0%| F|  |TAMS 0x000000070b800000, 0x000000070b800000| Untracked 
|  85|0x000000070ba00000, 0x000000070ba00000, 0x000000070bc00000|  0%| F|  |TAMS 0x000000070ba00000, 0x000000070ba00000| Untracked 
|  86|0x000000070bc00000, 0x000000070bc00000, 0x000000070be00000|  0%| F|  |TAMS 0x000000070bc00000, 0x000000070bc00000| Untracked 
|  87|0x000000070be00000, 0x000000070be00000, 0x000000070c000000|  0%| F|  |TAMS 0x000000070be00000, 0x000000070be00000| Untracked 
|  88|0x000000070c000000, 0x000000070c000000, 0x000000070c200000|  0%| F|  |TAMS 0x000000070c000000, 0x000000070c000000| Untracked 
|  89|0x000000070c200000, 0x000000070c200000, 0x000000070c400000|  0%| F|  |TAMS 0x000000070c200000, 0x000000070c200000| Untracked 
|  90|0x000000070c400000, 0x000000070c400000, 0x000000070c600000|  0%| F|  |TAMS 0x000000070c400000, 0x000000070c400000| Untracked 
|  91|0x000000070c600000, 0x000000070c600000, 0x000000070c800000|  0%| F|  |TAMS 0x000000070c600000, 0x000000070c600000| Untracked 
|  92|0x000000070c800000, 0x000000070c800000, 0x000000070ca00000|  0%| F|  |TAMS 0x000000070c800000, 0x000000070c800000| Untracked 
|  93|0x000000070ca00000, 0x000000070ca00000, 0x000000070cc00000|  0%| F|  |TAMS 0x000000070ca00000, 0x000000070ca00000| Untracked 
|  94|0x000000070cc00000, 0x000000070cc00000, 0x000000070ce00000|  0%| F|  |TAMS 0x000000070cc00000, 0x000000070cc00000| Untracked 
|  95|0x000000070ce00000, 0x000000070ce00000, 0x000000070d000000|  0%| F|  |TAMS 0x000000070ce00000, 0x000000070ce00000| Untracked 
|  96|0x000000070d000000, 0x000000070d000000, 0x000000070d200000|  0%| F|  |TAMS 0x000000070d000000, 0x000000070d000000| Untracked 
|  97|0x000000070d200000, 0x000000070d200000, 0x000000070d400000|  0%| F|  |TAMS 0x000000070d200000, 0x000000070d200000| Untracked 
|  98|0x000000070d400000, 0x000000070d400000, 0x000000070d600000|  0%| F|  |TAMS 0x000000070d400000, 0x000000070d400000| Untracked 
|  99|0x000000070d600000, 0x000000070d600000, 0x000000070d800000|  0%| F|  |TAMS 0x000000070d600000, 0x000000070d600000| Untracked 
| 100|0x000000070d800000, 0x000000070d800000, 0x000000070da00000|  0%| F|  |TAMS 0x000000070d800000, 0x000000070d800000| Untracked 
| 101|0x000000070da00000, 0x000000070da00000, 0x000000070dc00000|  0%| F|  |TAMS 0x000000070da00000, 0x000000070da00000| Untracked 
| 102|0x000000070dc00000, 0x000000070dc00000, 0x000000070de00000|  0%| F|  |TAMS 0x000000070dc00000, 0x000000070dc00000| Untracked 
| 103|0x000000070de00000, 0x000000070de00000, 0x000000070e000000|  0%| F|  |TAMS 0x000000070de00000, 0x000000070de00000| Untracked 
| 104|0x000000070e000000, 0x000000070e000000, 0x000000070e200000|  0%| F|  |TAMS 0x000000070e000000, 0x000000070e000000| Untracked 
| 105|0x000000070e200000, 0x000000070e200000, 0x000000070e400000|  0%| F|  |TAMS 0x000000070e200000, 0x000000070e200000| Untracked 
| 106|0x000000070e400000, 0x000000070e400000, 0x000000070e600000|  0%| F|  |TAMS 0x000000070e400000, 0x000000070e400000| Untracked 
| 107|0x000000070e600000, 0x000000070e600000, 0x000000070e800000|  0%| F|  |TAMS 0x000000070e600000, 0x000000070e600000| Untracked 
| 108|0x000000070e800000, 0x000000070e800000, 0x000000070ea00000|  0%| F|  |TAMS 0x000000070e800000, 0x000000070e800000| Untracked 
| 109|0x000000070ea00000, 0x000000070ea00000, 0x000000070ec00000|  0%| F|  |TAMS 0x000000070ea00000, 0x000000070ea00000| Untracked 
| 110|0x000000070ec00000, 0x000000070ec00000, 0x000000070ee00000|  0%| F|  |TAMS 0x000000070ec00000, 0x000000070ec00000| Untracked 
| 111|0x000000070ee00000, 0x000000070ee00000, 0x000000070f000000|  0%| F|  |TAMS 0x000000070ee00000, 0x000000070ee00000| Untracked 
| 112|0x000000070f000000, 0x000000070f000000, 0x000000070f200000|  0%| F|  |TAMS 0x000000070f000000, 0x000000070f000000| Untracked 
| 113|0x000000070f200000, 0x000000070f200000, 0x000000070f400000|  0%| F|  |TAMS 0x000000070f200000, 0x000000070f200000| Untracked 
| 114|0x000000070f400000, 0x000000070f400000, 0x000000070f600000|  0%| F|  |TAMS 0x000000070f400000, 0x000000070f400000| Untracked 
| 115|0x000000070f600000, 0x000000070f600000, 0x000000070f800000|  0%| F|  |TAMS 0x000000070f600000, 0x000000070f600000| Untracked 
| 116|0x000000070f800000, 0x000000070f800000, 0x000000070fa00000|  0%| F|  |TAMS 0x000000070f800000, 0x000000070f800000| Untracked 
| 117|0x000000070fa00000, 0x000000070fa00000, 0x000000070fc00000|  0%| F|  |TAMS 0x000000070fa00000, 0x000000070fa00000| Untracked 
| 118|0x000000070fc00000, 0x000000070fc00000, 0x000000070fe00000|  0%| F|  |TAMS 0x000000070fc00000, 0x000000070fc00000| Untracked 
| 119|0x000000070fe00000, 0x000000070fe00000, 0x0000000710000000|  0%| F|  |TAMS 0x000000070fe00000, 0x000000070fe00000| Untracked 
| 120|0x0000000710000000, 0x0000000710000000, 0x0000000710200000|  0%| F|  |TAMS 0x0000000710000000, 0x0000000710000000| Untracked 
| 121|0x0000000710200000, 0x00000007103527b8, 0x0000000710400000| 66%| E|  |TAMS 0x0000000710200000, 0x0000000710200000| Complete 
| 122|0x0000000710400000, 0x0000000710600000, 0x0000000710600000|100%| E|CS|TAMS 0x0000000710400000, 0x0000000710400000| Complete 
| 123|0x0000000710600000, 0x0000000710800000, 0x0000000710800000|100%| E|CS|TAMS 0x0000000710600000, 0x0000000710600000| Complete 
| 124|0x0000000710800000, 0x0000000710a00000, 0x0000000710a00000|100%| E|CS|TAMS 0x0000000710800000, 0x0000000710800000| Complete 
| 125|0x0000000710a00000, 0x0000000710c00000, 0x0000000710c00000|100%| E|CS|TAMS 0x0000000710a00000, 0x0000000710a00000| Complete 
| 126|0x0000000710c00000, 0x0000000710e00000, 0x0000000710e00000|100%| E|CS|TAMS 0x0000000710c00000, 0x0000000710c00000| Complete 
| 127|0x0000000710e00000, 0x0000000711000000, 0x0000000711000000|100%| E|CS|TAMS 0x0000000710e00000, 0x0000000710e00000| Complete 

Card table byte_map: [0x000001ebc8ed0000,0x000001ebc96d0000] _byte_map_base: 0x000001ebc56c8000

Marking Bits (Prev, Next): (CMBitMap*) 0x000001ebb5d3b550, (CMBitMap*) 0x000001ebb5d3b590
 Prev Bits: [0x000001ebc9ed0000, 0x000001ebcde90000)
 Next Bits: [0x000001ebcde90000, 0x000001ebd1e50000)

Polling page: 0x000001ebb54d0000

Metaspace:

Usage:
  Non-class:     14.97 MB used.
      Class:      1.67 MB used.
       Both:     16.64 MB used.

Virtual space:
  Non-class space:       16.00 MB reserved,      15.06 MB ( 94%) committed,  2 nodes.
      Class space:        1.00 GB reserved,       1.81 MB ( <1%) committed,  1 nodes.
             Both:        1.02 GB reserved,      16.88 MB (  2%) committed. 

Chunk freelists:
   Non-Class:  0 bytes
       Class:  2.25 MB
        Both:  2.25 MB

MaxMetaspaceSize: unlimited
CompressedClassSpaceSize: 1.00 GB
Initial GC threshold: 21.00 MB
Current GC threshold: 21.00 MB
CDS: off
MetaspaceReclaimPolicy: balanced
 - commit_granule_bytes: 65536.
 - commit_granule_words: 8192.
 - virtual_space_node_default_size: 1048576.
 - enlarge_chunks_in_place: 1.
 - new_chunks_are_fully_committed: 0.
 - uncommit_free_chunks: 1.
 - use_allocation_guard: 0.
 - handle_deallocations: 1.


Internal statistics:

num_allocs_failed_limit: 0.
num_arena_births: 118.
num_arena_deaths: 0.
num_vsnodes_births: 3.
num_vsnodes_deaths: 0.
num_space_committed: 270.
num_space_uncommitted: 0.
num_chunks_returned_to_freelist: 0.
num_chunks_taken_from_freelist: 197.
num_chunk_merges: 0.
num_chunk_splits: 107.
num_chunks_enlarged: 57.
num_purges: 0.
num_inconsistent_stats: 0.

CodeHeap 'non-profiled nmethods': size=120000Kb used=415Kb max_used=415Kb free=119584Kb
 bounds [0x000001ebc0e70000, 0x000001ebc10e0000, 0x000001ebc83a0000]
CodeHeap 'profiled nmethods': size=120000Kb used=2415Kb max_used=2415Kb free=117584Kb
 bounds [0x000001ebb9940000, 0x000001ebb9bb0000, 0x000001ebc0e70000]
CodeHeap 'non-nmethods': size=5760Kb used=1298Kb max_used=1362Kb free=4461Kb
 bounds [0x000001ebb93a0000, 0x000001ebb9610000, 0x000001ebb9940000]
 total_blobs=1994 nmethods=1372 adapters=534
 compilation: enabled
              stopped_count=0, restarted_count=0
 full_count=0

Compilation events (20 events):
Event: 9.534 Thread 0x000001ebd545fd20 1364       1       sun.java2d.SunGraphics2D::getSurfaceData (5 bytes)
Event: 9.534 Thread 0x000001ebd545fd20 nmethod 1364 0x000001ebc0ed7490 code [0x000001ebc0ed7620, 0x000001ebc0ed76f8]
Event: 9.534 Thread 0x000001ebd545fd20 1365       3       java.awt.geom.AffineTransform::getScaleInstance (19 bytes)
Event: 9.534 Thread 0x000001ebd545fd20 nmethod 1365 0x000001ebb9b98e90 code [0x000001ebb9b99040, 0x000001ebb9b99238]
Event: 9.534 Thread 0x000001ebd545fd20 1366       3       java.awt.geom.AffineTransform::setToScale (66 bytes)
Event: 9.534 Thread 0x000001ebd545fd20 nmethod 1366 0x000001ebb9b99310 code [0x000001ebb9b994e0, 0x000001ebb9b99758]
Event: 9.540 Thread 0x000001ebd545fd20 1367       1       sun.java2d.loops.RenderCache$Entry::getValue (5 bytes)
Event: 9.540 Thread 0x000001ebd545fd20 nmethod 1367 0x000001ebc0ed7790 code [0x000001ebc0ed7920, 0x000001ebc0ed79f8]
Event: 9.549 Thread 0x000001ebd545fd20 1368       3       sun.awt.PeerEvent::<init> (10 bytes)
Event: 9.549 Thread 0x000001ebd545fd20 nmethod 1368 0x000001ebb9b99810 code [0x000001ebb9b999c0, 0x000001ebb9b99b08]
Event: 9.549 Thread 0x000001ebd545fd20 1369       3       sun.awt.PeerEvent::<init> (16 bytes)
Event: 9.549 Thread 0x000001ebd545fd20 nmethod 1369 0x000001ebb9b99c10 code [0x000001ebb9b99da0, 0x000001ebb9b99f08]
Event: 9.576 Thread 0x000001ebd545fd20 1370       3       sun.awt.windows.WComponentPeer::dynamicallyLayoutContainer (57 bytes)
Event: 9.576 Thread 0x000001ebd545fd20 nmethod 1370 0x000001ebb9b9a010 code [0x000001ebb9b9a240, 0x000001ebb9b9abb8]
Event: 9.576 Thread 0x000001ebd545fd20 1372       3       sun.awt.SunToolkit::executeOnEventHandlerThread (14 bytes)
Event: 9.576 Thread 0x000001ebd545fd20 nmethod 1372 0x000001ebb9b9ae90 code [0x000001ebb9b9b0a0, 0x000001ebb9b9b7d8]
Event: 9.576 Thread 0x000001ebd545fd20 1371       3       sun.awt.windows.WComponentPeer$1::<init> (15 bytes)
Event: 9.576 Thread 0x000001ebd545fd20 nmethod 1371 0x000001ebb9b9ba90 code [0x000001ebb9b9bc40, 0x000001ebb9b9be78]
Event: 10.158 Thread 0x000001ebd545d5e0 1373       4       java.util.concurrent.locks.ReentrantLock$NonfairSync::initialTryLock (58 bytes)
Event: 10.159 Thread 0x000001ebd545d5e0 nmethod 1373 0x000001ebc0ed7a90 code [0x000001ebc0ed7c00, 0x000001ebc0ed7db8]

GC Heap History (0 events):
No events

Deoptimization events (6 events):
Event: 0.358 Thread 0x000001ebb5cea1b0 DEOPT PACKING pc=0x000001ebb9956467 sp=0x0000006099dfdcb0
Event: 0.358 Thread 0x000001ebb5cea1b0 DEOPT UNPACKING pc=0x000001ebb93f2b43 sp=0x0000006099dfd0d0 mode 0
Event: 1.990 Thread 0x000001ebe6cd0bf0 Uncommon trap: trap_request=0xffffff45 fr.pc=0x000001ebc0eb6810 relative=0x00000000000000f0
Event: 1.990 Thread 0x000001ebe6cd0bf0 Uncommon trap: reason=unstable_if action=reinterpret pc=0x000001ebc0eb6810 method=java.awt.Component.inside(II)Z @ 13 c2
Event: 1.990 Thread 0x000001ebe6cd0bf0 DEOPT PACKING pc=0x000001ebc0eb6810 sp=0x000000609bdfe8c0
Event: 1.990 Thread 0x000001ebe6cd0bf0 DEOPT UNPACKING pc=0x000001ebb93f23a3 sp=0x000000609bdfe760 mode 2

Classes unloaded (0 events):
No events

Classes redefined (0 events):
No events

Internal exceptions (15 events):
Event: 0.200 Thread 0x000001ebb5cea1b0 Exception <a 'java/lang/ClassNotFoundException'{0x0000000710c842d8}: sun/awt/resources/spi/awtProvider> (0x0000000710c842d8) 
thrown [e:\jenkins\tmp\workspace\build\src\src\hotspot\share\classfile\systemDictionary.cpp, line 256]
Event: 0.210 Thread 0x000001ebb5cea1b0 Exception <a 'java/io/FileNotFoundException'{0x0000000710cce9a8}> (0x0000000710cce9a8) 
thrown [e:\jenkins\tmp\workspace\build\src\src\hotspot\share\prims\jni.cpp, line 516]
Event: 0.214 Thread 0x000001ebb5cea1b0 Exception <a 'java/io/FileNotFoundException'{0x0000000710cfbb80}> (0x0000000710cfbb80) 
thrown [e:\jenkins\tmp\workspace\build\src\src\hotspot\share\prims\jni.cpp, line 516]
Event: 0.237 Thread 0x000001ebb5cea1b0 Exception <a 'java/lang/NoSuchMethodError'{0x0000000710d3ea08}: 'java.lang.Object java.lang.invoke.DirectMethodHandle$Holder.invokeStaticInit(java.lang.Object)'> (0x0000000710d3ea08) 
thrown [e:\jenkins\tmp\workspace\build\src\src\hotspot\share\interpreter\linkResolver.cpp, line 766]
Event: 0.340 Thread 0x000001ebb5cea1b0 Exception <a 'java/lang/NoSuchMethodError'{0x0000000710dfb3e0}: 'void java.lang.invoke.DirectMethodHandle$Holder.invokeSpecial(java.lang.Object, java.lang.Object, java.lang.Object)'> (0x0000000710dfb3e0) 
thrown [e:\jenkins\tmp\workspace\build\src\src\hotspot\share\interpreter\linkResolver.cpp, line 766]
Event: 0.344 Thread 0x000001ebb5cea1b0 Exception <a 'java/lang/NoSuchMethodError'{0x0000000710a25a80}: 'java.lang.Object java.lang.invoke.DirectMethodHandle$Holder.newInvokeSpecial(java.lang.Object, java.lang.Object, java.lang.Object, java.lang.Object, java.lang.Object)'> (0x0000000710a25a80) 
thrown [e:\jenkins\tmp\workspace\build\src\src\hotspot\share\interpreter\linkResolver.cpp, line 766]
Event: 0.345 Thread 0x000001ebb5cea1b0 Exception <a 'java/lang/NoSuchMethodError'{0x0000000710a31448}: 'java.lang.Object java.lang.invoke.DirectMethodHandle$Holder.invokeStatic(java.lang.Object, int, java.lang.Object, java.lang.Object, java.lang.Object, java.lang.Object)'> (0x0000000710a31448) 
thrown [e:\jenkins\tmp\workspace\build\src\src\hotspot\share\interpreter\linkResolver.cpp, line 766]
Event: 0.348 Thread 0x000001ebb5cea1b0 Exception <a 'java/lang/NoSuchMethodError'{0x0000000710a56c08}: 'java.lang.Object java.lang.invoke.DirectMethodHandle$Holder.invokeStatic(java.lang.Object, int, java.lang.Object)'> (0x0000000710a56c08) 
thrown [e:\jenkins\tmp\workspace\build\src\src\hotspot\share\interpreter\linkResolver.cpp, line 766]
Event: 0.362 Thread 0x000001ebb5cea1b0 Exception <a 'java/lang/ClassNotFoundException'{0x0000000710b0ed58}: com/sun/swing/internal/plaf/metal/resources/spi/metalProvider> (0x0000000710b0ed58) 
thrown [e:\jenkins\tmp\workspace\build\src\src\hotspot\share\classfile\systemDictionary.cpp, line 256]
Event: 0.362 Thread 0x000001ebb5cea1b0 Exception <a 'java/lang/ClassNotFoundException'{0x0000000710b12b60}: com/sun/swing/internal/plaf/basic/resources/spi/basicProvider> (0x0000000710b12b60) 
thrown [e:\jenkins\tmp\workspace\build\src\src\hotspot\share\classfile\systemDictionary.cpp, line 256]
Event: 0.387 Thread 0x000001ebe6307530 Exception <a 'java/lang/NoSuchMethodError'{0x0000000710d662c8}: 'void java.lang.invoke.DirectMethodHandle$Holder.invokeVirtual(java.lang.Object, java.lang.Object)'> (0x0000000710d662c8) 
thrown [e:\jenkins\tmp\workspace\build\src\src\hotspot\share\interpreter\linkResolver.cpp, line 766]
Event: 0.396 Thread 0x000001ebb5cea1b0 Exception <a 'java/lang/NoSuchMethodError'{0x0000000710b7f6f8}: 'void java.lang.invoke.DirectMethodHandle$Holder.invokeStaticInit(java.lang.Object)'> (0x0000000710b7f6f8) 
thrown [e:\jenkins\tmp\workspace\build\src\src\hotspot\share\interpreter\linkResolver.cpp, line 766]
Event: 0.450 Thread 0x000001ebb5cea1b0 Exception <a 'java/lang/NoSuchMethodError'{0x0000000710832638}: 'void java.lang.invoke.DirectMethodHandle$Holder.invokeSpecial(java.lang.Object, java.lang.Object, java.lang.Object, java.lang.Object, java.lang.Object)'> (0x0000000710832638) 
thrown [e:\jenkins\tmp\workspace\build\src\src\hotspot\share\interpreter\linkResolver.cpp, line 766]
Event: 0.485 Thread 0x000001ebb5cea1b0 Exception <a 'java/lang/NoSuchMethodError'{0x00000007109a3f78}: 'java.lang.Object java.lang.invoke.DirectMethodHandle$Holder.invokeStaticInit(java.lang.Object, int, int, int, int)'> (0x00000007109a3f78) 
thrown [e:\jenkins\tmp\workspace\build\src\src\hotspot\share\interpreter\linkResolver.cpp, line 766]
Event: 0.519 Thread 0x000001ebb5cea1b0 Exception <a 'java/lang/NoSuchMethodError'{0x000000071066b810}: 'java.lang.Object java.lang.invoke.DirectMethodHandle$Holder.invokeStaticInit(java.lang.Object, java.lang.Object, int, int, int, int)'> (0x000000071066b810) 
thrown [e:\jenkins\tmp\workspace\build\src\src\hotspot\share\interpreter\linkResolver.cpp, line 766]

VM Operations (20 events):
Event: 0.493 Executing VM operation: HandshakeAllThreads
Event: 0.493 Executing VM operation: HandshakeAllThreads done
Event: 0.532 Executing VM operation: HandshakeAllThreads
Event: 0.532 Executing VM operation: HandshakeAllThreads done
Event: 1.537 Executing VM operation: Cleanup
Event: 1.538 Executing VM operation: Cleanup done
Event: 2.548 Executing VM operation: Cleanup
Event: 2.548 Executing VM operation: Cleanup done
Event: 3.561 Executing VM operation: Cleanup
Event: 3.561 Executing VM operation: Cleanup done
Event: 4.569 Executing VM operation: Cleanup
Event: 4.569 Executing VM operation: Cleanup done
Event: 5.570 Executing VM operation: Cleanup
Event: 5.570 Executing VM operation: Cleanup done
Event: 6.573 Executing VM operation: Cleanup
Event: 6.574 Executing VM operation: Cleanup done
Event: 8.585 Executing VM operation: Cleanup
Event: 8.585 Executing VM operation: Cleanup done
Event: 9.594 Executing VM operation: Cleanup
Event: 9.594 Executing VM operation: Cleanup done

Events (20 events):
Event: 1.992 loading class java/awt/event/MouseWheelEvent
Event: 1.992 loading class java/awt/event/MouseWheelEvent done
Event: 2.002 loading class java/awt/LightweightDispatcher$2
Event: 2.002 loading class java/awt/LightweightDispatcher$2 done
Event: 2.501 loading class javax/swing/Timer$1
Event: 2.501 loading class javax/swing/Timer$1 done
Event: 3.705 loading class javax/swing/plaf/basic/BasicGraphicsUtils
Event: 3.705 loading class javax/swing/plaf/basic/BasicGraphicsUtils done
Event: 3.705 loading class javax/swing/event/ListSelectionEvent
Event: 3.705 loading class javax/swing/event/ListSelectionEvent done
Event: 3.706 loading class sun/awt/image/VSyncedBSManager
Event: 3.706 loading class sun/awt/image/VSyncedBSManager done
Event: 3.712 loading class sun/awt/image/BufImgSurfaceManager
Event: 3.712 loading class sun/awt/image/BufImgSurfaceManager done
Event: 3.763 loading class javax/swing/Autoscroller
Event: 3.763 loading class javax/swing/Autoscroller done
Event: 7.738 loading class sun/awt/windows/WComponentPeer$1
Event: 7.738 loading class sun/awt/windows/WComponentPeer$1 done
Event: 7.743 loading class sun/java2d/opengl/OGLSurfaceData
Event: 7.744 loading class sun/java2d/opengl/OGLSurfaceData done


Dynamic libraries:
0x00007ff6da440000 - 0x00007ff6da44e000 	C:\Users\Matt\.p2\pool\plugins\org.eclipse.justj.openjdk.hotspot.jre.full.win32.x86_64_17.0.0.v20211012-1059\jre\bin\javaw.exe
0x00007ff968970000 - 0x00007ff968b68000 	C:\WINDOWS\SYSTEM32\ntdll.dll
0x00007ff968130000 - 0x00007ff9681ef000 	C:\WINDOWS\System32\KERNEL32.DLL
0x00007ff9664c0000 - 0x00007ff966792000 	C:\WINDOWS\System32\KERNELBASE.dll
0x00007ff966100000 - 0x00007ff966200000 	C:\WINDOWS\System32\ucrtbase.dll
0x00007ff95c010000 - 0x00007ff95c028000 	C:\Users\Matt\.p2\pool\plugins\org.eclipse.justj.openjdk.hotspot.jre.full.win32.x86_64_17.0.0.v20211012-1059\jre\bin\jli.dll
0x00007ff95c030000 - 0x00007ff95c049000 	C:\Users\Matt\.p2\pool\plugins\org.eclipse.justj.openjdk.hotspot.jre.full.win32.x86_64_17.0.0.v20211012-1059\jre\bin\VCRUNTIME140.dll
0x00007ff967f20000 - 0x00007ff9680bd000 	C:\WINDOWS\System32\USER32.dll
0x00007ff966250000 - 0x00007ff966272000 	C:\WINDOWS\System32\win32u.dll
0x00007ff94e640000 - 0x00007ff94e8da000 	C:\WINDOWS\WinSxS\amd64_microsoft.windows.common-controls_6595b64144ccf1df_6.0.19041.1110_none_60b5254171f9507e\COMCTL32.dll
0x00007ff968250000 - 0x00007ff96827b000 	C:\WINDOWS\System32\GDI32.dll
0x00007ff968640000 - 0x00007ff9686de000 	C:\WINDOWS\System32\msvcrt.dll
0x00007ff966340000 - 0x00007ff96644f000 	C:\WINDOWS\System32\gdi32full.dll
0x00007ff966850000 - 0x00007ff9668ed000 	C:\WINDOWS\System32\msvcp_win.dll
0x00007ff9684e0000 - 0x00007ff968512000 	C:\WINDOWS\System32\IMM32.DLL
0x00007ff962fe0000 - 0x00007ff962fec000 	C:\Users\Matt\.p2\pool\plugins\org.eclipse.justj.openjdk.hotspot.jre.full.win32.x86_64_17.0.0.v20211012-1059\jre\bin\vcruntime140_1.dll
0x00007ff94b900000 - 0x00007ff94b991000 	C:\Users\Matt\.p2\pool\plugins\org.eclipse.justj.openjdk.hotspot.jre.full.win32.x86_64_17.0.0.v20211012-1059\jre\bin\msvcp140.dll
0x00007ff905720000 - 0x00007ff906366000 	C:\Users\Matt\.p2\pool\plugins\org.eclipse.justj.openjdk.hotspot.jre.full.win32.x86_64_17.0.0.v20211012-1059\jre\bin\server\jvm.dll
0x00007ff968430000 - 0x00007ff9684de000 	C:\WINDOWS\System32\ADVAPI32.dll
0x00007ff967b20000 - 0x00007ff967bbc000 	C:\WINDOWS\System32\sechost.dll
0x00007ff9686e0000 - 0x00007ff968805000 	C:\WINDOWS\System32\RPCRT4.dll
0x00007ff9680c0000 - 0x00007ff9680c8000 	C:\WINDOWS\System32\PSAPI.DLL
0x00007ff95d970000 - 0x00007ff95d997000 	C:\WINDOWS\SYSTEM32\WINMM.dll
0x00007ff95dfd0000 - 0x00007ff95dfda000 	C:\WINDOWS\SYSTEM32\VERSION.dll
0x00007ff962f80000 - 0x00007ff962f89000 	C:\WINDOWS\SYSTEM32\WSOCK32.dll
0x00007ff967360000 - 0x00007ff9673cb000 	C:\WINDOWS\System32\WS2_32.dll
0x00007ff9649a0000 - 0x00007ff9649b2000 	C:\WINDOWS\SYSTEM32\kernel.appcore.dll
0x00007ff9613e0000 - 0x00007ff9613ea000 	C:\Users\Matt\.p2\pool\plugins\org.eclipse.justj.openjdk.hotspot.jre.full.win32.x86_64_17.0.0.v20211012-1059\jre\bin\jimage.dll
0x00007ff963ca0000 - 0x00007ff963e84000 	C:\WINDOWS\SYSTEM32\DBGHELP.DLL
0x00007ff94e020000 - 0x00007ff94e04c000 	C:\WINDOWS\SYSTEM32\dbgcore.DLL
0x00007ff966280000 - 0x00007ff966302000 	C:\WINDOWS\System32\bcryptPrimitives.dll
0x00007ff95ff10000 - 0x00007ff95ff35000 	C:\Users\Matt\.p2\pool\plugins\org.eclipse.justj.openjdk.hotspot.jre.full.win32.x86_64_17.0.0.v20211012-1059\jre\bin\java.dll
0x00007ff955af0000 - 0x00007ff955b08000 	C:\Users\Matt\.p2\pool\plugins\org.eclipse.justj.openjdk.hotspot.jre.full.win32.x86_64_17.0.0.v20211012-1059\jre\bin\zip.dll
0x00007ff966bb0000 - 0x00007ff9672f3000 	C:\WINDOWS\System32\SHELL32.dll
0x00007ff9641c0000 - 0x00007ff964952000 	C:\WINDOWS\SYSTEM32\windows.storage.dll
0x00007ff967bc0000 - 0x00007ff967f14000 	C:\WINDOWS\System32\combase.dll
0x00007ff965b60000 - 0x00007ff965b90000 	C:\WINDOWS\SYSTEM32\Wldp.dll
0x00007ff9673d0000 - 0x00007ff96747d000 	C:\WINDOWS\System32\SHCORE.dll
0x00007ff9680d0000 - 0x00007ff968125000 	C:\WINDOWS\System32\shlwapi.dll
0x00007ff966040000 - 0x00007ff96605f000 	C:\WINDOWS\SYSTEM32\profapi.dll
0x00007ff955ad0000 - 0x00007ff955ae9000 	C:\Users\Matt\.p2\pool\plugins\org.eclipse.justj.openjdk.hotspot.jre.full.win32.x86_64_17.0.0.v20211012-1059\jre\bin\net.dll
0x00007ff95e8e0000 - 0x00007ff95e9ec000 	C:\WINDOWS\SYSTEM32\WINHTTP.dll
0x00007ff9658c0000 - 0x00007ff96592a000 	C:\WINDOWS\system32\mswsock.dll
0x00007ff955ab0000 - 0x00007ff955ac5000 	C:\Users\Matt\.p2\pool\plugins\org.eclipse.justj.openjdk.hotspot.jre.full.win32.x86_64_17.0.0.v20211012-1059\jre\bin\nio.dll
0x00007ff94d780000 - 0x00007ff94d7bd000 	C:\Users\Matt\AppData\Local\Temp\JOCL_2_0_0-windows-x86_64.dll
0x00007ff965ad0000 - 0x00007ff965adc000 	C:\WINDOWS\SYSTEM32\CRYPTBASE.DLL
0x00007ff941da0000 - 0x00007ff941f08000 	C:\WINDOWS\SYSTEM32\OpenCL.dll
0x00007ff966200000 - 0x00007ff96624e000 	C:\WINDOWS\System32\CFGMGR32.dll
0x00007ff967480000 - 0x00007ff9675aa000 	C:\WINDOWS\System32\ole32.dll
0x00007ff968590000 - 0x00007ff96863f000 	C:\WINDOWS\System32\clbcatq.dll
0x00007ff8ef8d0000 - 0x00007ff8f0992000 	C:\WINDOWS\System32\DriverStore\FileRepository\nv_dispi.inf_amd64_70cfb45e19c20af4\nvopencl64.dll
0x00007ff965cf0000 - 0x00007ff965d02000 	C:\WINDOWS\SYSTEM32\msasn1.dll
0x00007ff95e3c0000 - 0x00007ff95e3f1000 	C:\WINDOWS\SYSTEM32\cryptnet.dll
0x00007ff9668f0000 - 0x00007ff966a46000 	C:\WINDOWS\System32\CRYPT32.dll
0x00007ff95e230000 - 0x00007ff95e378000 	C:\WINDOWS\SYSTEM32\drvstore.dll
0x00007ff965eb0000 - 0x00007ff965edc000 	C:\WINDOWS\SYSTEM32\devobj.dll
0x00007ff95aaf0000 - 0x00007ff95b238000 	C:\WINDOWS\SYSTEM32\nvapi64.dll
0x00007ff9675b0000 - 0x00007ff967a18000 	C:\WINDOWS\System32\SETUPAPI.dll
0x00007ff966310000 - 0x00007ff966337000 	C:\WINDOWS\System32\bcrypt.dll
0x00007ff9419f0000 - 0x00007ff941b7e000 	C:\Users\Matt\.p2\pool\plugins\org.eclipse.justj.openjdk.hotspot.jre.full.win32.x86_64_17.0.0.v20211012-1059\jre\bin\awt.dll
0x00007ff967a20000 - 0x00007ff967aed000 	C:\WINDOWS\System32\OLEAUT32.dll
0x00007ff963040000 - 0x00007ff9630d1000 	C:\WINDOWS\SYSTEM32\apphelp.dll
0x00007ff963430000 - 0x00007ff96345f000 	C:\WINDOWS\system32\DWMAPI.DLL
0x00007ff963230000 - 0x00007ff9632ce000 	C:\WINDOWS\system32\uxtheme.dll
0x00007ff9421f0000 - 0x00007ff942315000 	C:\WINDOWS\system32\opengl32.dll
0x00007ff94d750000 - 0x00007ff94d77c000 	C:\WINDOWS\SYSTEM32\GLU32.dll
0x00007ff968810000 - 0x00007ff968925000 	C:\WINDOWS\System32\MSCTF.dll
0x00007ff95b8d0000 - 0x00007ff95ba9f000 	C:\WINDOWS\system32\d3d9.dll
0x00007ff95b580000 - 0x00007ff95b697000 	C:\WINDOWS\System32\DriverStore\FileRepository\nv_dispi.inf_amd64_70cfb45e19c20af4\nvldumdx.dll
0x00007ff966450000 - 0x00007ff9664ba000 	C:\WINDOWS\System32\WINTRUST.DLL
0x00007ff967af0000 - 0x00007ff967b0d000 	C:\WINDOWS\System32\imagehlp.dll
0x00007ff965ab0000 - 0x00007ff965ac8000 	C:\WINDOWS\SYSTEM32\CRYPTSP.dll
0x00007ff965170000 - 0x00007ff9651a4000 	C:\WINDOWS\system32\rsaenh.dll
0x00007ff906720000 - 0x00007ff907f2a000 	C:\WINDOWS\System32\DriverStore\FileRepository\nv_dispi.inf_amd64_70cfb45e19c20af4\nvd3dumx.dll
0x00007ff9208c0000 - 0x00007ff920b8e000 	C:\WINDOWS\system32\nvspcap64.dll
0x00007ff965290000 - 0x00007ff9652c3000 	C:\WINDOWS\SYSTEM32\ntmarta.dll
0x00007ff964970000 - 0x00007ff964993000 	C:\WINDOWS\SYSTEM32\gpapi.dll
0x00007ff95fe70000 - 0x00007ff95feab000 	C:\WINDOWS\SYSTEM32\dxcore.dll
0x00007ff942b40000 - 0x00007ff942bc9000 	C:\Users\Matt\.p2\pool\plugins\org.eclipse.justj.openjdk.hotspot.jre.full.win32.x86_64_17.0.0.v20211012-1059\jre\bin\freetype.dll
0x00007ff941cf0000 - 0x00007ff941d98000 	C:\Users\Matt\.p2\pool\plugins\org.eclipse.justj.openjdk.hotspot.jre.full.win32.x86_64_17.0.0.v20211012-1059\jre\bin\fontmanager.dll
0x00007ff953af0000 - 0x00007ff953be9000 	C:\WINDOWS\SYSTEM32\textinputframework.dll
0x00007ff9629d0000 - 0x00007ff962d2e000 	C:\WINDOWS\System32\CoreUIComponents.dll
0x00007ff962d30000 - 0x00007ff962e22000 	C:\WINDOWS\System32\CoreMessaging.dll
0x00007ff962300000 - 0x00007ff962454000 	C:\WINDOWS\SYSTEM32\wintypes.dll
0x00007ff8ecc90000 - 0x00007ff8ef8c8000 	C:\WINDOWS\System32\DriverStore\FileRepository\nv_dispi.inf_amd64_70cfb45e19c20af4\nvcompiler64.dll
0x00007ff966000000 - 0x00007ff96602e000 	C:\WINDOWS\SYSTEM32\USERENV.dll
0x00007ff965560000 - 0x00007ff96559b000 	C:\WINDOWS\SYSTEM32\IPHLPAPI.DLL
0x00007ff967b10000 - 0x00007ff967b18000 	C:\WINDOWS\System32\NSI.dll
0x00007ff95e8c0000 - 0x00007ff95e8d7000 	C:\WINDOWS\SYSTEM32\dhcpcsvc6.DLL
0x00007ff95e8a0000 - 0x00007ff95e8bd000 	C:\WINDOWS\SYSTEM32\dhcpcsvc.DLL
0x00007ff9655a0000 - 0x00007ff96566a000 	C:\WINDOWS\SYSTEM32\DNSAPI.dll

dbghelp: loaded successfully - version: 4.0.5 - missing functions: none
symbol engine: initialized successfully - sym options: 0x614 - pdb path: .;C:\Users\Matt\.p2\pool\plugins\org.eclipse.justj.openjdk.hotspot.jre.full.win32.x86_64_17.0.0.v20211012-1059\jre\bin;C:\WINDOWS\SYSTEM32;C:\WINDOWS\WinSxS\amd64_microsoft.windows.common-controls_6595b64144ccf1df_6.0.19041.1110_none_60b5254171f9507e;C:\Users\Matt\.p2\pool\plugins\org.eclipse.justj.openjdk.hotspot.jre.full.win32.x86_64_17.0.0.v20211012-1059\jre\bin\server;C:\Users\Matt\AppData\Local\Temp;C:\WINDOWS\System32\DriverStore\FileRepository\nv_dispi.inf_amd64_70cfb45e19c20af4

VM Arguments:
jvm_args: -Dfile.encoding=UTF-8 -XX:+ShowCodeDetailsInExceptionMessages 
java_command: tbh.gfxInterface.GfxTest
java_class_path (initial): C:\Users\Matt\eclipse-workspace\gfxInterface\target\classes;C:\Users\Matt\eclipse-workspace\gfxInterface\res\RenderingBasics.jar;C:\Users\Matt\.m2\repository\org\jocl\jocl\2.0.0\jocl-2.0.0.jar
Launcher Type: SUN_STANDARD

[Global flags]
     intx CICompilerCount                          = 4                                         {product} {ergonomic}
     uint ConcGCThreads                            = 2                                         {product} {ergonomic}
     uint G1ConcRefinementThreads                  = 8                                         {product} {ergonomic}
   size_t G1HeapRegionSize                         = 2097152                                   {product} {ergonomic}
    uintx GCDrainStackTargetSize                   = 64                                        {product} {ergonomic}
   size_t InitialHeapSize                          = 268435456                                 {product} {ergonomic}
   size_t MarkStackSize                            = 4194304                                   {product} {ergonomic}
   size_t MaxHeapSize                              = 4278190080                                {product} {ergonomic}
   size_t MaxNewSize                               = 2566914048                                {product} {ergonomic}
   size_t MinHeapDeltaBytes                        = 2097152                                   {product} {ergonomic}
   size_t MinHeapSize                              = 8388608                                   {product} {ergonomic}
    uintx NonNMethodCodeHeapSize                   = 5839372                                {pd product} {ergonomic}
    uintx NonProfiledCodeHeapSize                  = 122909434                              {pd product} {ergonomic}
    uintx ProfiledCodeHeapSize                     = 122909434                              {pd product} {ergonomic}
    uintx ReservedCodeCacheSize                    = 251658240                              {pd product} {ergonomic}
     bool SegmentedCodeCache                       = true                                      {product} {ergonomic}
     bool ShowCodeDetailsInExceptionMessages       = true                                   {manageable} {command line}
   size_t SoftMaxHeapSize                          = 4278190080                             {manageable} {ergonomic}
     bool UseCompressedClassPointers               = true                           {product lp64_product} {ergonomic}
     bool UseCompressedOops                        = true                           {product lp64_product} {ergonomic}
     bool UseG1GC                                  = true                                      {product} {ergonomic}
     bool UseLargePagesIndividualAllocation        = false                                  {pd product} {ergonomic}

Logging:
Log output configuration:
 #0: stdout all=warning uptime,level,tags
 #1: stderr all=off uptime,level,tags

Environment Variables:
PATH=C:/Users/Matt/.p2/pool/plugins/org.eclipse.justj.openjdk.hotspot.jre.full.win32.x86_64_17.0.0.v20211012-1059/jre/bin/server;C:/Users/Matt/.p2/pool/plugins/org.eclipse.justj.openjdk.hotspot.jre.full.win32.x86_64_17.0.0.v20211012-1059/jre/bin;C:\Program Files\Common Files\Oracle\Java\javapath;C:\Program Files (x86)\Common Files\Oracle\Java\javapath;C:\Windows\system32;C:\Windows;C:\Windows\System32\Wbem;C:\Windows\System32\WindowsPowerShell\v1.0\;C:\Program Files\NVIDIA Corporation\NVIDIA NvDLISR;C:\Program Files (x86)\NVIDIA Corporation\PhysX\Common;C:\WINDOWS\system32;C:\WINDOWS;C:\WINDOWS\System32\Wbem;C:\WINDOWS\System32\WindowsPowerShell\v1.0\;C:\WINDOWS\System32\OpenSSH\;C:\Program Files\dotnet\;C:\Program Files\Git\cmd;C:\Users\Matt\AppData\Local\Microsoft\WindowsApps;C:\Users\Matt\.dotnet\tools;C:\Users\Matt\Desktop;
USERNAME=Matt
OS=Windows_NT
PROCESSOR_IDENTIFIER=Intel64 Family 6 Model 158 Stepping 13, GenuineIntel



---------------  S Y S T E M  ---------------

OS:
 Windows 10 , 64 bit Build 19041 (10.0.19041.2251)
OS uptime: 1 days 2:03 hours

CPU: total 8 (initial active 8) (8 cores per cpu, 1 threads per core) family 6 model 158 stepping 13 microcode 0xb8, cx8, cmov, fxsr, mmx, 3dnowpref, sse, sse2, sse3, ssse3, sse4.1, sse4.2, popcnt, lzcnt, tsc, tscinvbit, avx, avx2, aes, erms, clmul, bmi1, bmi2, rtm, adx, fma, vzeroupper, clflush, clflushopt

Memory: 4k page, system-wide physical 16315M (9904M free)
TotalPageFile size 20411M (AvailPageFile size 11081M)
current process WorkingSet (physical memory assigned to process): 181M, peak: 193M
current process commit charge ("private bytes"): 606M, peak: 618M

vm_info: OpenJDK 64-Bit Server VM (17+35) for windows-amd64 JRE (17+35), built on Sep 14 2021 17:27:39 by "" with MS VC++ 16.7 (VS2019)

END.
